[2015/03/26 14:19:16 CST] [TRAC] templates loader refreshing templates from [template]
[2015/03/26 14:19:16 CST] [TRAC] templates loader adding template: (active.tpl)
[2015/03/26 14:19:16 CST] [TRAC] templates loader adding template: (email/active.tpl)
[2015/03/26 14:19:16 CST] [TRAC] templates loader adding template: (email/regist.tpl)
[2015/03/26 14:19:16 CST] [TRAC] templates loader adding template: (email/reset.tpl)
[2015/03/26 14:19:16 CST] [TRAC] templates loader adding template: (home.tpl)
[2015/03/26 14:19:16 CST] [TRAC] templates loader adding template: (layout/footer.tpl)
[2015/03/26 14:19:16 CST] [TRAC] templates loader adding template: (layout/header.tpl)
[2015/03/26 14:19:16 CST] [TRAC] templates loader adding template: (markdown.tpl)
[2015/03/26 14:19:16 CST] [TRAC] templates loader adding template: (sms/sms_active.tpl)
[2015/03/26 14:19:16 CST] [TRAC] templates loader adding template: (sms_active.tpl)
[2015/03/26 14:19:16 CST] [INFO] HTTP: listening on 127.0.0.1:9000
[2015/03/26 14:19:21 CST] [TRAC] request (get) (/) ()
[2015/03/26 14:19:21 CST] [TRAC] patterns (get) (/)
[2015/03/26 14:19:21 CST] [TRAC] request pattern undone: (get) (/)
[2015/03/26 14:19:21 CST] [TRAC] request authority: (<nil>)
[2015/03/26 14:19:21 CST] [INFO] request reset default root path to: (index) (md)
[2015/03/26 14:19:21 CST] [TRAC] markdown (get) (index)
[2015/03/26 14:19:24 CST] [TRAC] request (get) (/quickstart) (md)
[2015/03/26 14:19:24 CST] [TRAC] patterns (get) (/quickstart.md)
[2015/03/26 14:19:24 CST] [TRAC] request pattern undone: (get) (/quickstart)
[2015/03/26 14:19:24 CST] [TRAC] request authority: (<nil>)
[2015/03/26 14:19:24 CST] [TRAC] ratelimits (/quickstart)
[2015/03/26 14:19:24 CST] [TRAC] request ratelimits ok: (/quickstart)
[2015/03/26 14:19:24 CST] [TRAC] securities hit: (get) (/quickstart) - (<nil>)
[2015/03/26 14:19:24 CST] [TRAC] request securities ok: (/quickstart)
[2015/03/26 14:19:24 CST] [TRAC] markdown (get) (/quickstart)
[2015/03/26 14:19:24 CST] [TRAC] request (get) (/docs/index) (md)
[2015/03/26 14:19:24 CST] [TRAC] patterns (get) (/docs/index.md)
[2015/03/26 14:19:24 CST] [TRAC] request pattern undone: (get) (/docs/index)
[2015/03/26 14:19:24 CST] [TRAC] request authority: (<nil>)
[2015/03/26 14:19:24 CST] [TRAC] ratelimits (/docs/index)
[2015/03/26 14:19:24 CST] [TRAC] request ratelimits ok: (/docs/index)
[2015/03/26 14:19:24 CST] [TRAC] securities hit: (get) (/docs/index) - (<nil>)
[2015/03/26 14:19:24 CST] [TRAC] request securities ok: (/docs/index)
[2015/03/26 14:19:24 CST] [TRAC] markdown (get) (/docs/index)
[2015/03/26 14:19:25 CST] [TRAC] request (get) (/download) (md)
[2015/03/26 14:19:25 CST] [TRAC] patterns (get) (/download.md)
[2015/03/26 14:19:25 CST] [TRAC] request pattern undone: (get) (/download)
[2015/03/26 14:19:25 CST] [TRAC] request authority: (<nil>)
[2015/03/26 14:19:25 CST] [TRAC] ratelimits (/download)
[2015/03/26 14:19:25 CST] [TRAC] request ratelimits ok: (/download)
[2015/03/26 14:19:25 CST] [TRAC] securities hit: (get) (/download) - (<nil>)
[2015/03/26 14:19:25 CST] [TRAC] request securities ok: (/download)
[2015/03/26 14:19:25 CST] [TRAC] markdown (get) (/download)
[2015/03/26 14:19:26 CST] [TRAC] request (get) (/release) (md)
[2015/03/26 14:19:26 CST] [TRAC] patterns (get) (/release.md)
[2015/03/26 14:19:26 CST] [TRAC] request pattern undone: (get) (/release)
[2015/03/26 14:19:26 CST] [TRAC] request authority: (<nil>)
[2015/03/26 14:19:26 CST] [TRAC] ratelimits (/release)
[2015/03/26 14:19:26 CST] [TRAC] request ratelimits ok: (/release)
[2015/03/26 14:19:26 CST] [TRAC] securities hit: (get) (/release) - (<nil>)
[2015/03/26 14:19:26 CST] [TRAC] request securities ok: (/release)
[2015/03/26 14:19:26 CST] [TRAC] markdown (get) (/release)
[2015/03/26 14:19:34 CST] [INFO] HTTP: closing 127.0.0.1:9000
